<?xml version="1.0" encoding="UTF-8"?>
<testsuite xmlns:xsi="http://www.w3.org/2001/XMLSchema-instance" xsi:schemaLocation="https://maven.apache.org/surefire/maven-surefire-plugin/xsd/surefire-test-report.xsd" name="com.dunzo.coffeemachine.CoffeeMachineIT" time="0.975" tests="10" errors="0" skipped="1" failures="6">
  <properties>
    <property name="java.runtime.name" value="Java(TM) SE Runtime Environment"/>
    <property name="sun.boot.library.path" value="C:\Program Files\Java\jdk1.8.0_221\jre\bin"/>
    <property name="java.vm.version" value="25.221-b11"/>
    <property name="java.vm.vendor" value="Oracle Corporation"/>
    <property name="maven.multiModuleProjectDirectory" value="C:\Users\purim.CORPDOM\Desktop\Dunzo\coffeemachine"/>
    <property name="java.vendor.url" value="http://java.oracle.com/"/>
    <property name="path.separator" value=";"/>
    <property name="guice.disable.misplaced.annotation.check" value="true"/>
    <property name="java.vm.name" value="Java HotSpot(TM) 64-Bit Server VM"/>
    <property name="file.encoding.pkg" value="sun.io"/>
    <property name="user.script" value=""/>
    <property name="user.country" value="US"/>
    <property name="sun.java.launcher" value="SUN_STANDARD"/>
    <property name="sun.os.patch.level" value=""/>
    <property name="java.vm.specification.name" value="Java Virtual Machine Specification"/>
    <property name="user.dir" value="C:\Users\purim.CORPDOM\Desktop\Dunzo\coffeemachine"/>
    <property name="java.runtime.version" value="1.8.0_221-b11"/>
    <property name="java.awt.graphicsenv" value="sun.awt.Win32GraphicsEnvironment"/>
    <property name="java.endorsed.dirs" value="C:\Program Files\Java\jdk1.8.0_221\jre\lib\endorsed"/>
    <property name="os.arch" value="amd64"/>
    <property name="java.io.tmpdir" value="C:\Users\PURIM~1.COR\AppData\Local\Temp\"/>
    <property name="line.separator" value="&#10;"/>
    <property name="java.vm.specification.vendor" value="Oracle Corporation"/>
    <property name="user.variant" value=""/>
    <property name="os.name" value="Windows 10"/>
    <property name="classworlds.conf" value="C:\apache-maven-3.6.3\bin\..\bin\m2.conf"/>
    <property name="sun.jnu.encoding" value="Cp1252"/>
    <property name="java.library.path" value="C:\Program Files\Java\jdk1.8.0_221\bin;C:\WINDOWS\Sun\Java\bin;C:\WINDOWS\system32;C:\WINDOWS;C:\apache-maven-3.6.3\bin;C:\Program Files\Java\jdk1.8.0_221\bin;c:\apache-ant-1.8.3\bin;C:\Gradle\gradle-5.5.1\bin;C:\WINDOWS\system32;C:\WINDOWS;C:\WINDOWS\system32\wbem;C:\WINDOWS\system32\windowspowershell\v1.0\;c:\program files\microsoft sql server\client sdk\odbc\130\tools\binn\;c:\program files (x86)\microsoft sql server\140\tools\binn\;c:\program files\microsoft sql server\140\tools\binn\;c:\program files\microsoft sql server\140\dts\binn\;c:\program files (x86)\microsoft sql server\client sdk\odbc\130\tools\binn\;c:\program files (x86)\microsoft sql server\140\dts\binn\;c:\program files (x86)\microsoft sql server\140\tools\binn\managementstudio\;c:\program files\perforce\;c:\program files\putty\;c:\program files\git\cmd;c:\windows\system32;C:\WINDOWS\system32;C:\WINDOWS;C:\WINDOWS\system32\wbem;C:\WINDOWS\system32\windowspowershell\v1.0\;c:\windows\system32;C:\Users\purim.CORPDOM\AppData\Roaming\npm;C:\Program Files\nodejs\;C:\Users\purim.CORPDOM\.m2;C:\Program Files\Git\cmd;C:\Users\purim.CORPDOM\AppData\Local\Programs\Python\Python38-32;C:\Users\purim.CORPDOM\AppData\Local\Programs\Python\Python38-32\Scripts;C:\Program Files\Apache Software Foundation\Tomcat 9.0\bin;C:\Users\purim.CORPDOM\AppData\Local\Microsoft\WindowsApps;C:\Users\purim.CORPDOM\AppData\Local\Programs\Microsoft VS Code\bin;C:\Users\purim.CORPDOM\AppData\Roaming\npm;C:\Users\purim.CORPDOM\AppData\Local\GitHubDesktop\bin;."/>
    <property name="maven.conf" value="C:\apache-maven-3.6.3\bin\../conf"/>
    <property name="java.specification.name" value="Java Platform API Specification"/>
    <property name="java.class.version" value="52.0"/>
    <property name="sun.management.compiler" value="HotSpot 64-Bit Tiered Compilers"/>
    <property name="os.version" value="10.0"/>
    <property name="library.jansi.path" value="C:\apache-maven-3.6.3\bin\..\lib\jansi-native"/>
    <property name="user.home" value="C:\Users\purim.CORPDOM"/>
    <property name="user.timezone" value="Asia/Calcutta"/>
    <property name="java.awt.printerjob" value="sun.awt.windows.WPrinterJob"/>
    <property name="java.specification.version" value="1.8"/>
    <property name="file.encoding" value="Cp1252"/>
    <property name="user.name" value="purim"/>
    <property name="java.class.path" value="C:\apache-maven-3.6.3\bin\..\boot\plexus-classworlds-2.6.0.jar"/>
    <property name="java.vm.specification.version" value="1.8"/>
    <property name="sun.arch.data.model" value="64"/>
    <property name="java.home" value="C:\Program Files\Java\jdk1.8.0_221\jre"/>
    <property name="sun.java.command" value="org.codehaus.plexus.classworlds.launcher.Launcher clean verify -P integration-test"/>
    <property name="java.specification.vendor" value="Oracle Corporation"/>
    <property name="user.language" value="en"/>
    <property name="awt.toolkit" value="sun.awt.windows.WToolkit"/>
    <property name="java.vm.info" value="mixed mode"/>
    <property name="java.version" value="1.8.0_221"/>
    <property name="java.ext.dirs" value="C:\Program Files\Java\jdk1.8.0_221\jre\lib\ext;C:\WINDOWS\Sun\Java\lib\ext"/>
    <property name="sun.boot.class.path" value="C:\Program Files\Java\jdk1.8.0_221\jre\lib\resources.jar;C:\Program Files\Java\jdk1.8.0_221\jre\lib\rt.jar;C:\Program Files\Java\jdk1.8.0_221\jre\lib\sunrsasign.jar;C:\Program Files\Java\jdk1.8.0_221\jre\lib\jsse.jar;C:\Program Files\Java\jdk1.8.0_221\jre\lib\jce.jar;C:\Program Files\Java\jdk1.8.0_221\jre\lib\charsets.jar;C:\Program Files\Java\jdk1.8.0_221\jre\lib\jfr.jar;C:\Program Files\Java\jdk1.8.0_221\jre\classes"/>
    <property name="sun.stderr.encoding" value="cp437"/>
    <property name="java.vendor" value="Oracle Corporation"/>
    <property name="maven.home" value="C:\apache-maven-3.6.3\bin\.."/>
    <property name="file.separator" value="\"/>
    <property name="java.vendor.url.bug" value="http://bugreport.sun.com/bugreport/"/>
    <property name="sun.cpu.endian" value="little"/>
    <property name="sun.io.unicode.encoding" value="UnicodeLittle"/>
    <property name="sun.stdout.encoding" value="cp437"/>
    <property name="sun.desktop" value="windows"/>
    <property name="sun.cpu.isalist" value="amd64"/>
  </properties>
  <testcase name="t0_setupMachine" classname="com.dunzo.coffeemachine.CoffeeMachineIT" time="0.038"/>
  <testcase name="t1_startMachine" classname="com.dunzo.coffeemachine.CoffeeMachineIT" time="0.389">
    <failure type="java.lang.AssertionError">java.lang.AssertionError
	at com.dunzo.coffeemachine.CoffeeMachineIT.t1_startMachine(CoffeeMachineIT.java:54)
</failure>
  </testcase>
  <testcase name="t2_stopMachine" classname="com.dunzo.coffeemachine.CoffeeMachineIT" time="0.038">
    <failure type="java.lang.AssertionError">java.lang.AssertionError
	at com.dunzo.coffeemachine.CoffeeMachineIT.t2_stopMachine(CoffeeMachineIT.java:75)
</failure>
  </testcase>
  <testcase name="t3_restartMachine" classname="com.dunzo.coffeemachine.CoffeeMachineIT" time="0.404">
    <failure type="java.lang.AssertionError">java.lang.AssertionError
	at com.dunzo.coffeemachine.CoffeeMachineIT.t3_restartMachine(CoffeeMachineIT.java:101)
</failure>
    <system-out><![CDATA[Unable to copy setup configurations.
]]></system-out>
    <system-err><![CDATA[java.nio.file.FileSystemException: coffeeConfig.json: The process cannot access the file because it is being used by another process.

	at sun.nio.fs.WindowsException.translateToIOException(WindowsException.java:86)
	at sun.nio.fs.WindowsException.rethrowAsIOException(WindowsException.java:97)
	at sun.nio.fs.WindowsException.rethrowAsIOException(WindowsException.java:102)
	at sun.nio.fs.WindowsFileCopy.copy(WindowsFileCopy.java:165)
	at sun.nio.fs.WindowsFileSystemProvider.copy(WindowsFileSystemProvider.java:278)
	at java.nio.file.Files.copy(Files.java:1274)
	at com.dunzo.coffeemachine.services.PowerService.setupMachine(PowerService.java:43)
	at com.dunzo.coffeemachine.services.PowerService.restartMachine(PowerService.java:121)
	at com.dunzo.coffeemachine.CoffeeMachineIT.t3_restartMachine(CoffeeMachineIT.java:94)
	at sun.reflect.NativeMethodAccessorImpl.invoke0(Native Method)
	at sun.reflect.NativeMethodAccessorImpl.invoke(NativeMethodAccessorImpl.java:62)
	at sun.reflect.DelegatingMethodAccessorImpl.invoke(DelegatingMethodAccessorImpl.java:43)
	at java.lang.reflect.Method.invoke(Method.java:498)
	at org.junit.runners.model.FrameworkMethod$1.runReflectiveCall(FrameworkMethod.java:50)
	at org.junit.internal.runners.model.ReflectiveCallable.run(ReflectiveCallable.java:12)
	at org.junit.runners.model.FrameworkMethod.invokeExplosively(FrameworkMethod.java:47)
	at org.junit.internal.runners.statements.InvokeMethod.evaluate(InvokeMethod.java:17)
	at org.junit.runners.ParentRunner.runLeaf(ParentRunner.java:325)
	at org.junit.runners.BlockJUnit4ClassRunner.runChild(BlockJUnit4ClassRunner.java:78)
	at org.junit.runners.BlockJUnit4ClassRunner.runChild(BlockJUnit4ClassRunner.java:57)
	at org.junit.runners.ParentRunner$3.run(ParentRunner.java:290)
	at org.junit.runners.ParentRunner$1.schedule(ParentRunner.java:71)
	at org.junit.runners.ParentRunner.runChildren(ParentRunner.java:288)
	at org.junit.runners.ParentRunner.access$000(ParentRunner.java:58)
	at org.junit.runners.ParentRunner$2.evaluate(ParentRunner.java:268)
	at org.junit.runners.ParentRunner.run(ParentRunner.java:363)
	at org.apache.maven.surefire.junit4.JUnit4Provider.execute(JUnit4Provider.java:367)
	at org.apache.maven.surefire.junit4.JUnit4Provider.executeWithRerun(JUnit4Provider.java:274)
	at org.apache.maven.surefire.junit4.JUnit4Provider.executeTestSet(JUnit4Provider.java:238)
	at org.apache.maven.surefire.junit4.JUnit4Provider.invoke(JUnit4Provider.java:161)
	at org.apache.maven.surefire.booter.ForkedBooter.invokeProviderInSameClassLoader(ForkedBooter.java:290)
	at org.apache.maven.surefire.booter.ForkedBooter.runSuitesInProcess(ForkedBooter.java:242)
	at org.apache.maven.surefire.booter.ForkedBooter.main(ForkedBooter.java:121)
]]></system-err>
  </testcase>
  <testcase name="t4_pourSingleBeverage" classname="com.dunzo.coffeemachine.CoffeeMachineIT" time="0"/>
  <testcase name="t5_pourMultipleBeverages" classname="com.dunzo.coffeemachine.CoffeeMachineIT" time="0">
    <skipped/>
  </testcase>
  <testcase name="t6_refillAllIngredients" classname="com.dunzo.coffeemachine.CoffeeMachineIT" time="0">
    <failure type="java.lang.AssertionError">java.lang.AssertionError
	at com.dunzo.coffeemachine.CoffeeMachineIT.t6_refillAllIngredients(CoffeeMachineIT.java:146)
</failure>
  </testcase>
  <testcase name="t7_refillIngredientsRunningLow" classname="com.dunzo.coffeemachine.CoffeeMachineIT" time="0"/>
  <testcase name="t8_refillSingleIngredient" classname="com.dunzo.coffeemachine.CoffeeMachineIT" time="0">
    <failure type="java.lang.AssertionError">java.lang.AssertionError
	at com.dunzo.coffeemachine.CoffeeMachineIT.t8_refillSingleIngredient(CoffeeMachineIT.java:189)
</failure>
  </testcase>
  <testcase name="t9_refillMultipleIngredients" classname="com.dunzo.coffeemachine.CoffeeMachineIT" time="0.001">
    <failure type="java.lang.AssertionError">java.lang.AssertionError
	at com.dunzo.coffeemachine.CoffeeMachineIT.t9_refillMultipleIngredients(CoffeeMachineIT.java:218)
</failure>
  </testcase>
</testsuite>